<?xml version="1.0" encoding="UTF-8"?>
<!-- Generated by org.testng.reporters.JUnitXMLReporter -->
<testsuite hostname="DESKTOP-ADGCHK6" ignored="4" name="Test" tests="4" failures="0" timestamp="2022-09-27T17:21:15 IST" time="15.386" errors="0">
  <testcase name="Br" time="5.055" classname="com.ebanking.master.BranchNg"/>
  <testcase name="Rol" time="1.17" classname="com.ebanking.master.RoleNG"/>
  <testcase name="Rol" time="1.196" classname="com.ebanking.master.RoleNG"/>
  <testcase name="Rol" time="1.107" classname="com.ebanking.master.RoleNG"/>
  <testcase name="@BeforeSuite beforeSuite" time="0.0" classname="com.ebanking.master.Base">
    <ignored/>
  </testcase> <!-- @BeforeSuite beforeSuite -->
  <testcase name="@AfterSuite afterSuite" time="0.0" classname="com.ebanking.master.Base">
    <ignored/>
  </testcase> <!-- @AfterSuite afterSuite -->
  <testcase name="@BeforeTest beforeTest" time="0.0" classname="com.ebanking.master.Base">
    <ignored/>
  </testcase> <!-- @BeforeTest beforeTest -->
  <testcase name="@AfterTest afterTest" time="0.0" classname="com.ebanking.master.Base">
    <ignored/>
  </testcase> <!-- @AfterTest afterTest -->
</testsuite> <!-- Test -->
